[2022-02-11 00:06:09,010] {processor.py:163} INFO - Started process (PID=28209) to work on /Users/swkim/projects/MLOps-study/.venv/lib/python3.9/site-packages/airflow/example_dags/subdags/subdag.py
[2022-02-11 00:06:09,010] {processor.py:620} INFO - Processing file /Users/swkim/projects/MLOps-study/.venv/lib/python3.9/site-packages/airflow/example_dags/subdags/subdag.py for tasks to queue
[2022-02-11 00:06:09,010] {logging_mixin.py:109} INFO - [2022-02-11 00:06:09,010] {dagbag.py:500} INFO - Filling up the DagBag from /Users/swkim/projects/MLOps-study/.venv/lib/python3.9/site-packages/airflow/example_dags/subdags/subdag.py
[2022-02-11 00:06:09,028] {processor.py:634} WARNING - No viable dags retrieved from /Users/swkim/projects/MLOps-study/.venv/lib/python3.9/site-packages/airflow/example_dags/subdags/subdag.py
[2022-02-11 00:06:09,029] {processor.py:171} INFO - Processing /Users/swkim/projects/MLOps-study/.venv/lib/python3.9/site-packages/airflow/example_dags/subdags/subdag.py took 0.020 seconds
[2022-02-11 00:07:01,974] {processor.py:163} INFO - Started process (PID=28381) to work on /Users/swkim/projects/MLOps-study/.venv/lib/python3.9/site-packages/airflow/example_dags/subdags/subdag.py
[2022-02-11 00:07:01,975] {processor.py:620} INFO - Processing file /Users/swkim/projects/MLOps-study/.venv/lib/python3.9/site-packages/airflow/example_dags/subdags/subdag.py for tasks to queue
[2022-02-11 00:07:01,975] {logging_mixin.py:109} INFO - [2022-02-11 00:07:01,975] {dagbag.py:500} INFO - Filling up the DagBag from /Users/swkim/projects/MLOps-study/.venv/lib/python3.9/site-packages/airflow/example_dags/subdags/subdag.py
[2022-02-11 00:07:01,988] {processor.py:634} WARNING - No viable dags retrieved from /Users/swkim/projects/MLOps-study/.venv/lib/python3.9/site-packages/airflow/example_dags/subdags/subdag.py
[2022-02-11 00:07:01,989] {processor.py:171} INFO - Processing /Users/swkim/projects/MLOps-study/.venv/lib/python3.9/site-packages/airflow/example_dags/subdags/subdag.py took 0.015 seconds
[2022-02-11 00:07:53,300] {processor.py:163} INFO - Started process (PID=28429) to work on /Users/swkim/projects/MLOps-study/.venv/lib/python3.9/site-packages/airflow/example_dags/subdags/subdag.py
[2022-02-11 00:07:53,301] {processor.py:620} INFO - Processing file /Users/swkim/projects/MLOps-study/.venv/lib/python3.9/site-packages/airflow/example_dags/subdags/subdag.py for tasks to queue
[2022-02-11 00:07:53,302] {logging_mixin.py:109} INFO - [2022-02-11 00:07:53,302] {dagbag.py:500} INFO - Filling up the DagBag from /Users/swkim/projects/MLOps-study/.venv/lib/python3.9/site-packages/airflow/example_dags/subdags/subdag.py
[2022-02-11 00:07:53,312] {processor.py:634} WARNING - No viable dags retrieved from /Users/swkim/projects/MLOps-study/.venv/lib/python3.9/site-packages/airflow/example_dags/subdags/subdag.py
[2022-02-11 00:07:53,313] {processor.py:171} INFO - Processing /Users/swkim/projects/MLOps-study/.venv/lib/python3.9/site-packages/airflow/example_dags/subdags/subdag.py took 0.013 seconds
[2022-02-11 00:08:39,716] {processor.py:163} INFO - Started process (PID=28459) to work on /Users/swkim/projects/MLOps-study/.venv/lib/python3.9/site-packages/airflow/example_dags/subdags/subdag.py
[2022-02-11 00:08:39,717] {processor.py:620} INFO - Processing file /Users/swkim/projects/MLOps-study/.venv/lib/python3.9/site-packages/airflow/example_dags/subdags/subdag.py for tasks to queue
[2022-02-11 00:08:39,717] {logging_mixin.py:109} INFO - [2022-02-11 00:08:39,717] {dagbag.py:500} INFO - Filling up the DagBag from /Users/swkim/projects/MLOps-study/.venv/lib/python3.9/site-packages/airflow/example_dags/subdags/subdag.py
[2022-02-11 00:08:39,728] {processor.py:634} WARNING - No viable dags retrieved from /Users/swkim/projects/MLOps-study/.venv/lib/python3.9/site-packages/airflow/example_dags/subdags/subdag.py
[2022-02-11 00:08:39,729] {processor.py:171} INFO - Processing /Users/swkim/projects/MLOps-study/.venv/lib/python3.9/site-packages/airflow/example_dags/subdags/subdag.py took 0.013 seconds
[2022-02-11 00:09:31,310] {processor.py:163} INFO - Started process (PID=28497) to work on /Users/swkim/projects/MLOps-study/.venv/lib/python3.9/site-packages/airflow/example_dags/subdags/subdag.py
[2022-02-11 00:09:31,311] {processor.py:620} INFO - Processing file /Users/swkim/projects/MLOps-study/.venv/lib/python3.9/site-packages/airflow/example_dags/subdags/subdag.py for tasks to queue
[2022-02-11 00:09:31,311] {logging_mixin.py:109} INFO - [2022-02-11 00:09:31,311] {dagbag.py:500} INFO - Filling up the DagBag from /Users/swkim/projects/MLOps-study/.venv/lib/python3.9/site-packages/airflow/example_dags/subdags/subdag.py
[2022-02-11 00:09:31,322] {processor.py:634} WARNING - No viable dags retrieved from /Users/swkim/projects/MLOps-study/.venv/lib/python3.9/site-packages/airflow/example_dags/subdags/subdag.py
[2022-02-11 00:09:31,323] {processor.py:171} INFO - Processing /Users/swkim/projects/MLOps-study/.venv/lib/python3.9/site-packages/airflow/example_dags/subdags/subdag.py took 0.014 seconds
[2022-02-11 00:10:24,846] {processor.py:163} INFO - Started process (PID=28537) to work on /Users/swkim/projects/MLOps-study/.venv/lib/python3.9/site-packages/airflow/example_dags/subdags/subdag.py
[2022-02-11 00:10:24,847] {processor.py:620} INFO - Processing file /Users/swkim/projects/MLOps-study/.venv/lib/python3.9/site-packages/airflow/example_dags/subdags/subdag.py for tasks to queue
[2022-02-11 00:10:24,847] {logging_mixin.py:109} INFO - [2022-02-11 00:10:24,847] {dagbag.py:500} INFO - Filling up the DagBag from /Users/swkim/projects/MLOps-study/.venv/lib/python3.9/site-packages/airflow/example_dags/subdags/subdag.py
[2022-02-11 00:10:24,859] {processor.py:634} WARNING - No viable dags retrieved from /Users/swkim/projects/MLOps-study/.venv/lib/python3.9/site-packages/airflow/example_dags/subdags/subdag.py
[2022-02-11 00:10:24,859] {processor.py:171} INFO - Processing /Users/swkim/projects/MLOps-study/.venv/lib/python3.9/site-packages/airflow/example_dags/subdags/subdag.py took 0.014 seconds
[2022-02-11 00:11:18,160] {processor.py:163} INFO - Started process (PID=28597) to work on /Users/swkim/projects/MLOps-study/.venv/lib/python3.9/site-packages/airflow/example_dags/subdags/subdag.py
[2022-02-11 00:11:18,161] {processor.py:620} INFO - Processing file /Users/swkim/projects/MLOps-study/.venv/lib/python3.9/site-packages/airflow/example_dags/subdags/subdag.py for tasks to queue
[2022-02-11 00:11:18,161] {logging_mixin.py:109} INFO - [2022-02-11 00:11:18,161] {dagbag.py:500} INFO - Filling up the DagBag from /Users/swkim/projects/MLOps-study/.venv/lib/python3.9/site-packages/airflow/example_dags/subdags/subdag.py
[2022-02-11 00:11:18,173] {processor.py:634} WARNING - No viable dags retrieved from /Users/swkim/projects/MLOps-study/.venv/lib/python3.9/site-packages/airflow/example_dags/subdags/subdag.py
[2022-02-11 00:11:18,174] {processor.py:171} INFO - Processing /Users/swkim/projects/MLOps-study/.venv/lib/python3.9/site-packages/airflow/example_dags/subdags/subdag.py took 0.015 seconds
[2022-02-11 00:12:14,343] {processor.py:163} INFO - Started process (PID=28657) to work on /Users/swkim/projects/MLOps-study/.venv/lib/python3.9/site-packages/airflow/example_dags/subdags/subdag.py
[2022-02-11 00:12:14,344] {processor.py:620} INFO - Processing file /Users/swkim/projects/MLOps-study/.venv/lib/python3.9/site-packages/airflow/example_dags/subdags/subdag.py for tasks to queue
[2022-02-11 00:12:14,344] {logging_mixin.py:109} INFO - [2022-02-11 00:12:14,344] {dagbag.py:500} INFO - Filling up the DagBag from /Users/swkim/projects/MLOps-study/.venv/lib/python3.9/site-packages/airflow/example_dags/subdags/subdag.py
[2022-02-11 00:12:14,356] {processor.py:634} WARNING - No viable dags retrieved from /Users/swkim/projects/MLOps-study/.venv/lib/python3.9/site-packages/airflow/example_dags/subdags/subdag.py
[2022-02-11 00:12:14,357] {processor.py:171} INFO - Processing /Users/swkim/projects/MLOps-study/.venv/lib/python3.9/site-packages/airflow/example_dags/subdags/subdag.py took 0.014 seconds
[2022-02-11 00:13:14,005] {processor.py:163} INFO - Started process (PID=28696) to work on /Users/swkim/projects/MLOps-study/.venv/lib/python3.9/site-packages/airflow/example_dags/subdags/subdag.py
[2022-02-11 00:13:14,006] {processor.py:620} INFO - Processing file /Users/swkim/projects/MLOps-study/.venv/lib/python3.9/site-packages/airflow/example_dags/subdags/subdag.py for tasks to queue
[2022-02-11 00:13:14,006] {logging_mixin.py:109} INFO - [2022-02-11 00:13:14,006] {dagbag.py:500} INFO - Filling up the DagBag from /Users/swkim/projects/MLOps-study/.venv/lib/python3.9/site-packages/airflow/example_dags/subdags/subdag.py
[2022-02-11 00:13:14,017] {processor.py:634} WARNING - No viable dags retrieved from /Users/swkim/projects/MLOps-study/.venv/lib/python3.9/site-packages/airflow/example_dags/subdags/subdag.py
[2022-02-11 00:13:14,018] {processor.py:171} INFO - Processing /Users/swkim/projects/MLOps-study/.venv/lib/python3.9/site-packages/airflow/example_dags/subdags/subdag.py took 0.013 seconds
[2022-02-11 00:14:13,654] {processor.py:163} INFO - Started process (PID=28748) to work on /Users/swkim/projects/MLOps-study/.venv/lib/python3.9/site-packages/airflow/example_dags/subdags/subdag.py
[2022-02-11 00:14:13,654] {processor.py:620} INFO - Processing file /Users/swkim/projects/MLOps-study/.venv/lib/python3.9/site-packages/airflow/example_dags/subdags/subdag.py for tasks to queue
[2022-02-11 00:14:13,654] {logging_mixin.py:109} INFO - [2022-02-11 00:14:13,654] {dagbag.py:500} INFO - Filling up the DagBag from /Users/swkim/projects/MLOps-study/.venv/lib/python3.9/site-packages/airflow/example_dags/subdags/subdag.py
[2022-02-11 00:14:13,664] {processor.py:634} WARNING - No viable dags retrieved from /Users/swkim/projects/MLOps-study/.venv/lib/python3.9/site-packages/airflow/example_dags/subdags/subdag.py
[2022-02-11 00:14:13,665] {processor.py:171} INFO - Processing /Users/swkim/projects/MLOps-study/.venv/lib/python3.9/site-packages/airflow/example_dags/subdags/subdag.py took 0.012 seconds
[2022-02-11 00:15:13,737] {processor.py:163} INFO - Started process (PID=28799) to work on /Users/swkim/projects/MLOps-study/.venv/lib/python3.9/site-packages/airflow/example_dags/subdags/subdag.py
[2022-02-11 00:15:13,737] {processor.py:620} INFO - Processing file /Users/swkim/projects/MLOps-study/.venv/lib/python3.9/site-packages/airflow/example_dags/subdags/subdag.py for tasks to queue
[2022-02-11 00:15:13,737] {logging_mixin.py:109} INFO - [2022-02-11 00:15:13,737] {dagbag.py:500} INFO - Filling up the DagBag from /Users/swkim/projects/MLOps-study/.venv/lib/python3.9/site-packages/airflow/example_dags/subdags/subdag.py
[2022-02-11 00:15:13,748] {processor.py:634} WARNING - No viable dags retrieved from /Users/swkim/projects/MLOps-study/.venv/lib/python3.9/site-packages/airflow/example_dags/subdags/subdag.py
[2022-02-11 00:15:13,749] {processor.py:171} INFO - Processing /Users/swkim/projects/MLOps-study/.venv/lib/python3.9/site-packages/airflow/example_dags/subdags/subdag.py took 0.013 seconds
[2022-02-11 00:16:15,480] {processor.py:163} INFO - Started process (PID=28849) to work on /Users/swkim/projects/MLOps-study/.venv/lib/python3.9/site-packages/airflow/example_dags/subdags/subdag.py
[2022-02-11 00:16:15,480] {processor.py:620} INFO - Processing file /Users/swkim/projects/MLOps-study/.venv/lib/python3.9/site-packages/airflow/example_dags/subdags/subdag.py for tasks to queue
[2022-02-11 00:16:15,480] {logging_mixin.py:109} INFO - [2022-02-11 00:16:15,480] {dagbag.py:500} INFO - Filling up the DagBag from /Users/swkim/projects/MLOps-study/.venv/lib/python3.9/site-packages/airflow/example_dags/subdags/subdag.py
[2022-02-11 00:16:15,492] {processor.py:634} WARNING - No viable dags retrieved from /Users/swkim/projects/MLOps-study/.venv/lib/python3.9/site-packages/airflow/example_dags/subdags/subdag.py
[2022-02-11 00:16:15,494] {processor.py:171} INFO - Processing /Users/swkim/projects/MLOps-study/.venv/lib/python3.9/site-packages/airflow/example_dags/subdags/subdag.py took 0.014 seconds
[2022-02-11 00:17:18,836] {processor.py:163} INFO - Started process (PID=28901) to work on /Users/swkim/projects/MLOps-study/.venv/lib/python3.9/site-packages/airflow/example_dags/subdags/subdag.py
[2022-02-11 00:17:18,837] {processor.py:620} INFO - Processing file /Users/swkim/projects/MLOps-study/.venv/lib/python3.9/site-packages/airflow/example_dags/subdags/subdag.py for tasks to queue
[2022-02-11 00:17:18,837] {logging_mixin.py:109} INFO - [2022-02-11 00:17:18,837] {dagbag.py:500} INFO - Filling up the DagBag from /Users/swkim/projects/MLOps-study/.venv/lib/python3.9/site-packages/airflow/example_dags/subdags/subdag.py
[2022-02-11 00:17:18,850] {processor.py:634} WARNING - No viable dags retrieved from /Users/swkim/projects/MLOps-study/.venv/lib/python3.9/site-packages/airflow/example_dags/subdags/subdag.py
[2022-02-11 00:17:18,851] {processor.py:171} INFO - Processing /Users/swkim/projects/MLOps-study/.venv/lib/python3.9/site-packages/airflow/example_dags/subdags/subdag.py took 0.015 seconds
