[2022-02-11 00:06:10,684] {processor.py:163} INFO - Started process (PID=28210) to work on /Users/swkim/projects/MLOps-study/.venv/lib/python3.9/site-packages/airflow/example_dags/plugins/workday.py
[2022-02-11 00:06:10,684] {processor.py:620} INFO - Processing file /Users/swkim/projects/MLOps-study/.venv/lib/python3.9/site-packages/airflow/example_dags/plugins/workday.py for tasks to queue
[2022-02-11 00:06:10,684] {logging_mixin.py:109} INFO - [2022-02-11 00:06:10,684] {dagbag.py:500} INFO - Filling up the DagBag from /Users/swkim/projects/MLOps-study/.venv/lib/python3.9/site-packages/airflow/example_dags/plugins/workday.py
[2022-02-11 00:06:10,694] {processor.py:634} WARNING - No viable dags retrieved from /Users/swkim/projects/MLOps-study/.venv/lib/python3.9/site-packages/airflow/example_dags/plugins/workday.py
[2022-02-11 00:06:10,695] {processor.py:171} INFO - Processing /Users/swkim/projects/MLOps-study/.venv/lib/python3.9/site-packages/airflow/example_dags/plugins/workday.py took 0.012 seconds
[2022-02-11 00:07:03,666] {processor.py:163} INFO - Started process (PID=28382) to work on /Users/swkim/projects/MLOps-study/.venv/lib/python3.9/site-packages/airflow/example_dags/plugins/workday.py
[2022-02-11 00:07:03,667] {processor.py:620} INFO - Processing file /Users/swkim/projects/MLOps-study/.venv/lib/python3.9/site-packages/airflow/example_dags/plugins/workday.py for tasks to queue
[2022-02-11 00:07:03,668] {logging_mixin.py:109} INFO - [2022-02-11 00:07:03,668] {dagbag.py:500} INFO - Filling up the DagBag from /Users/swkim/projects/MLOps-study/.venv/lib/python3.9/site-packages/airflow/example_dags/plugins/workday.py
[2022-02-11 00:07:03,678] {processor.py:634} WARNING - No viable dags retrieved from /Users/swkim/projects/MLOps-study/.venv/lib/python3.9/site-packages/airflow/example_dags/plugins/workday.py
[2022-02-11 00:07:03,679] {processor.py:171} INFO - Processing /Users/swkim/projects/MLOps-study/.venv/lib/python3.9/site-packages/airflow/example_dags/plugins/workday.py took 0.013 seconds
[2022-02-11 00:07:54,959] {processor.py:163} INFO - Started process (PID=28430) to work on /Users/swkim/projects/MLOps-study/.venv/lib/python3.9/site-packages/airflow/example_dags/plugins/workday.py
[2022-02-11 00:07:54,960] {processor.py:620} INFO - Processing file /Users/swkim/projects/MLOps-study/.venv/lib/python3.9/site-packages/airflow/example_dags/plugins/workday.py for tasks to queue
[2022-02-11 00:07:54,960] {logging_mixin.py:109} INFO - [2022-02-11 00:07:54,960] {dagbag.py:500} INFO - Filling up the DagBag from /Users/swkim/projects/MLOps-study/.venv/lib/python3.9/site-packages/airflow/example_dags/plugins/workday.py
[2022-02-11 00:07:54,971] {processor.py:634} WARNING - No viable dags retrieved from /Users/swkim/projects/MLOps-study/.venv/lib/python3.9/site-packages/airflow/example_dags/plugins/workday.py
[2022-02-11 00:07:54,972] {processor.py:171} INFO - Processing /Users/swkim/projects/MLOps-study/.venv/lib/python3.9/site-packages/airflow/example_dags/plugins/workday.py took 0.013 seconds
[2022-02-11 00:08:41,397] {processor.py:163} INFO - Started process (PID=28460) to work on /Users/swkim/projects/MLOps-study/.venv/lib/python3.9/site-packages/airflow/example_dags/plugins/workday.py
[2022-02-11 00:08:41,398] {processor.py:620} INFO - Processing file /Users/swkim/projects/MLOps-study/.venv/lib/python3.9/site-packages/airflow/example_dags/plugins/workday.py for tasks to queue
[2022-02-11 00:08:41,398] {logging_mixin.py:109} INFO - [2022-02-11 00:08:41,398] {dagbag.py:500} INFO - Filling up the DagBag from /Users/swkim/projects/MLOps-study/.venv/lib/python3.9/site-packages/airflow/example_dags/plugins/workday.py
[2022-02-11 00:08:41,408] {processor.py:634} WARNING - No viable dags retrieved from /Users/swkim/projects/MLOps-study/.venv/lib/python3.9/site-packages/airflow/example_dags/plugins/workday.py
[2022-02-11 00:08:41,409] {processor.py:171} INFO - Processing /Users/swkim/projects/MLOps-study/.venv/lib/python3.9/site-packages/airflow/example_dags/plugins/workday.py took 0.013 seconds
[2022-02-11 00:09:32,990] {processor.py:163} INFO - Started process (PID=28498) to work on /Users/swkim/projects/MLOps-study/.venv/lib/python3.9/site-packages/airflow/example_dags/plugins/workday.py
[2022-02-11 00:09:32,991] {processor.py:620} INFO - Processing file /Users/swkim/projects/MLOps-study/.venv/lib/python3.9/site-packages/airflow/example_dags/plugins/workday.py for tasks to queue
[2022-02-11 00:09:32,991] {logging_mixin.py:109} INFO - [2022-02-11 00:09:32,991] {dagbag.py:500} INFO - Filling up the DagBag from /Users/swkim/projects/MLOps-study/.venv/lib/python3.9/site-packages/airflow/example_dags/plugins/workday.py
[2022-02-11 00:09:33,002] {processor.py:634} WARNING - No viable dags retrieved from /Users/swkim/projects/MLOps-study/.venv/lib/python3.9/site-packages/airflow/example_dags/plugins/workday.py
[2022-02-11 00:09:33,003] {processor.py:171} INFO - Processing /Users/swkim/projects/MLOps-study/.venv/lib/python3.9/site-packages/airflow/example_dags/plugins/workday.py took 0.014 seconds
[2022-02-11 00:10:26,526] {processor.py:163} INFO - Started process (PID=28538) to work on /Users/swkim/projects/MLOps-study/.venv/lib/python3.9/site-packages/airflow/example_dags/plugins/workday.py
[2022-02-11 00:10:26,527] {processor.py:620} INFO - Processing file /Users/swkim/projects/MLOps-study/.venv/lib/python3.9/site-packages/airflow/example_dags/plugins/workday.py for tasks to queue
[2022-02-11 00:10:26,527] {logging_mixin.py:109} INFO - [2022-02-11 00:10:26,527] {dagbag.py:500} INFO - Filling up the DagBag from /Users/swkim/projects/MLOps-study/.venv/lib/python3.9/site-packages/airflow/example_dags/plugins/workday.py
[2022-02-11 00:10:26,539] {processor.py:634} WARNING - No viable dags retrieved from /Users/swkim/projects/MLOps-study/.venv/lib/python3.9/site-packages/airflow/example_dags/plugins/workday.py
[2022-02-11 00:10:26,540] {processor.py:171} INFO - Processing /Users/swkim/projects/MLOps-study/.venv/lib/python3.9/site-packages/airflow/example_dags/plugins/workday.py took 0.014 seconds
[2022-02-11 00:11:19,880] {processor.py:163} INFO - Started process (PID=28598) to work on /Users/swkim/projects/MLOps-study/.venv/lib/python3.9/site-packages/airflow/example_dags/plugins/workday.py
[2022-02-11 00:11:19,881] {processor.py:620} INFO - Processing file /Users/swkim/projects/MLOps-study/.venv/lib/python3.9/site-packages/airflow/example_dags/plugins/workday.py for tasks to queue
[2022-02-11 00:11:19,881] {logging_mixin.py:109} INFO - [2022-02-11 00:11:19,881] {dagbag.py:500} INFO - Filling up the DagBag from /Users/swkim/projects/MLOps-study/.venv/lib/python3.9/site-packages/airflow/example_dags/plugins/workday.py
[2022-02-11 00:11:19,891] {processor.py:634} WARNING - No viable dags retrieved from /Users/swkim/projects/MLOps-study/.venv/lib/python3.9/site-packages/airflow/example_dags/plugins/workday.py
[2022-02-11 00:11:19,892] {processor.py:171} INFO - Processing /Users/swkim/projects/MLOps-study/.venv/lib/python3.9/site-packages/airflow/example_dags/plugins/workday.py took 0.012 seconds
[2022-02-11 00:12:16,003] {processor.py:163} INFO - Started process (PID=28658) to work on /Users/swkim/projects/MLOps-study/.venv/lib/python3.9/site-packages/airflow/example_dags/plugins/workday.py
[2022-02-11 00:12:16,004] {processor.py:620} INFO - Processing file /Users/swkim/projects/MLOps-study/.venv/lib/python3.9/site-packages/airflow/example_dags/plugins/workday.py for tasks to queue
[2022-02-11 00:12:16,004] {logging_mixin.py:109} INFO - [2022-02-11 00:12:16,004] {dagbag.py:500} INFO - Filling up the DagBag from /Users/swkim/projects/MLOps-study/.venv/lib/python3.9/site-packages/airflow/example_dags/plugins/workday.py
[2022-02-11 00:12:16,014] {processor.py:634} WARNING - No viable dags retrieved from /Users/swkim/projects/MLOps-study/.venv/lib/python3.9/site-packages/airflow/example_dags/plugins/workday.py
[2022-02-11 00:12:16,015] {processor.py:171} INFO - Processing /Users/swkim/projects/MLOps-study/.venv/lib/python3.9/site-packages/airflow/example_dags/plugins/workday.py took 0.013 seconds
[2022-02-11 00:13:15,656] {processor.py:163} INFO - Started process (PID=28697) to work on /Users/swkim/projects/MLOps-study/.venv/lib/python3.9/site-packages/airflow/example_dags/plugins/workday.py
[2022-02-11 00:13:15,657] {processor.py:620} INFO - Processing file /Users/swkim/projects/MLOps-study/.venv/lib/python3.9/site-packages/airflow/example_dags/plugins/workday.py for tasks to queue
[2022-02-11 00:13:15,658] {logging_mixin.py:109} INFO - [2022-02-11 00:13:15,658] {dagbag.py:500} INFO - Filling up the DagBag from /Users/swkim/projects/MLOps-study/.venv/lib/python3.9/site-packages/airflow/example_dags/plugins/workday.py
[2022-02-11 00:13:15,668] {processor.py:634} WARNING - No viable dags retrieved from /Users/swkim/projects/MLOps-study/.venv/lib/python3.9/site-packages/airflow/example_dags/plugins/workday.py
[2022-02-11 00:13:15,669] {processor.py:171} INFO - Processing /Users/swkim/projects/MLOps-study/.venv/lib/python3.9/site-packages/airflow/example_dags/plugins/workday.py took 0.013 seconds
[2022-02-11 00:14:15,329] {processor.py:163} INFO - Started process (PID=28749) to work on /Users/swkim/projects/MLOps-study/.venv/lib/python3.9/site-packages/airflow/example_dags/plugins/workday.py
[2022-02-11 00:14:15,330] {processor.py:620} INFO - Processing file /Users/swkim/projects/MLOps-study/.venv/lib/python3.9/site-packages/airflow/example_dags/plugins/workday.py for tasks to queue
[2022-02-11 00:14:15,330] {logging_mixin.py:109} INFO - [2022-02-11 00:14:15,330] {dagbag.py:500} INFO - Filling up the DagBag from /Users/swkim/projects/MLOps-study/.venv/lib/python3.9/site-packages/airflow/example_dags/plugins/workday.py
[2022-02-11 00:14:15,341] {processor.py:634} WARNING - No viable dags retrieved from /Users/swkim/projects/MLOps-study/.venv/lib/python3.9/site-packages/airflow/example_dags/plugins/workday.py
[2022-02-11 00:14:15,342] {processor.py:171} INFO - Processing /Users/swkim/projects/MLOps-study/.venv/lib/python3.9/site-packages/airflow/example_dags/plugins/workday.py took 0.013 seconds
[2022-02-11 00:15:15,420] {processor.py:163} INFO - Started process (PID=28800) to work on /Users/swkim/projects/MLOps-study/.venv/lib/python3.9/site-packages/airflow/example_dags/plugins/workday.py
[2022-02-11 00:15:15,421] {processor.py:620} INFO - Processing file /Users/swkim/projects/MLOps-study/.venv/lib/python3.9/site-packages/airflow/example_dags/plugins/workday.py for tasks to queue
[2022-02-11 00:15:15,422] {logging_mixin.py:109} INFO - [2022-02-11 00:15:15,421] {dagbag.py:500} INFO - Filling up the DagBag from /Users/swkim/projects/MLOps-study/.venv/lib/python3.9/site-packages/airflow/example_dags/plugins/workday.py
[2022-02-11 00:15:15,432] {processor.py:634} WARNING - No viable dags retrieved from /Users/swkim/projects/MLOps-study/.venv/lib/python3.9/site-packages/airflow/example_dags/plugins/workday.py
[2022-02-11 00:15:15,433] {processor.py:171} INFO - Processing /Users/swkim/projects/MLOps-study/.venv/lib/python3.9/site-packages/airflow/example_dags/plugins/workday.py took 0.013 seconds
[2022-02-11 00:16:16,995] {processor.py:163} INFO - Started process (PID=28850) to work on /Users/swkim/projects/MLOps-study/.venv/lib/python3.9/site-packages/airflow/example_dags/plugins/workday.py
[2022-02-11 00:16:16,996] {processor.py:620} INFO - Processing file /Users/swkim/projects/MLOps-study/.venv/lib/python3.9/site-packages/airflow/example_dags/plugins/workday.py for tasks to queue
[2022-02-11 00:16:16,996] {logging_mixin.py:109} INFO - [2022-02-11 00:16:16,996] {dagbag.py:500} INFO - Filling up the DagBag from /Users/swkim/projects/MLOps-study/.venv/lib/python3.9/site-packages/airflow/example_dags/plugins/workday.py
[2022-02-11 00:16:17,007] {processor.py:634} WARNING - No viable dags retrieved from /Users/swkim/projects/MLOps-study/.venv/lib/python3.9/site-packages/airflow/example_dags/plugins/workday.py
[2022-02-11 00:16:17,008] {processor.py:171} INFO - Processing /Users/swkim/projects/MLOps-study/.venv/lib/python3.9/site-packages/airflow/example_dags/plugins/workday.py took 0.013 seconds
[2022-02-11 00:17:20,564] {processor.py:163} INFO - Started process (PID=28903) to work on /Users/swkim/projects/MLOps-study/.venv/lib/python3.9/site-packages/airflow/example_dags/plugins/workday.py
[2022-02-11 00:17:20,565] {processor.py:620} INFO - Processing file /Users/swkim/projects/MLOps-study/.venv/lib/python3.9/site-packages/airflow/example_dags/plugins/workday.py for tasks to queue
[2022-02-11 00:17:20,565] {logging_mixin.py:109} INFO - [2022-02-11 00:17:20,565] {dagbag.py:500} INFO - Filling up the DagBag from /Users/swkim/projects/MLOps-study/.venv/lib/python3.9/site-packages/airflow/example_dags/plugins/workday.py
[2022-02-11 00:17:20,576] {processor.py:634} WARNING - No viable dags retrieved from /Users/swkim/projects/MLOps-study/.venv/lib/python3.9/site-packages/airflow/example_dags/plugins/workday.py
[2022-02-11 00:17:20,578] {processor.py:171} INFO - Processing /Users/swkim/projects/MLOps-study/.venv/lib/python3.9/site-packages/airflow/example_dags/plugins/workday.py took 0.014 seconds
