[2022-02-11 00:06:35,711] {processor.py:163} INFO - Started process (PID=28291) to work on /Users/swkim/projects/MLOps-study/.venv/lib/python3.9/site-packages/airflow/example_dags/example_kubernetes_executor_config.py
[2022-02-11 00:06:35,711] {processor.py:620} INFO - Processing file /Users/swkim/projects/MLOps-study/.venv/lib/python3.9/site-packages/airflow/example_dags/example_kubernetes_executor_config.py for tasks to queue
[2022-02-11 00:06:35,711] {logging_mixin.py:109} INFO - [2022-02-11 00:06:35,711] {dagbag.py:500} INFO - Filling up the DagBag from /Users/swkim/projects/MLOps-study/.venv/lib/python3.9/site-packages/airflow/example_dags/example_kubernetes_executor_config.py
[2022-02-11 00:06:35,718] {logging_mixin.py:109} INFO - [2022-02-11 00:06:35,718] {example_kubernetes_executor_config.py:171} WARNING - Could not import DAGs in example_kubernetes_executor_config.py: No module named 'kubernetes'
[2022-02-11 00:06:35,719] {logging_mixin.py:109} INFO - [2022-02-11 00:06:35,718] {example_kubernetes_executor_config.py:172} WARNING - Install kubernetes dependencies with: pip install apache-airflow['cncf.kubernetes']
[2022-02-11 00:06:35,728] {processor.py:634} WARNING - No viable dags retrieved from /Users/swkim/projects/MLOps-study/.venv/lib/python3.9/site-packages/airflow/example_dags/example_kubernetes_executor_config.py
[2022-02-11 00:06:35,729] {processor.py:171} INFO - Processing /Users/swkim/projects/MLOps-study/.venv/lib/python3.9/site-packages/airflow/example_dags/example_kubernetes_executor_config.py took 0.019 seconds
[2022-02-11 00:07:31,116] {processor.py:163} INFO - Started process (PID=28415) to work on /Users/swkim/projects/MLOps-study/.venv/lib/python3.9/site-packages/airflow/example_dags/example_kubernetes_executor_config.py
[2022-02-11 00:07:31,117] {processor.py:620} INFO - Processing file /Users/swkim/projects/MLOps-study/.venv/lib/python3.9/site-packages/airflow/example_dags/example_kubernetes_executor_config.py for tasks to queue
[2022-02-11 00:07:31,117] {logging_mixin.py:109} INFO - [2022-02-11 00:07:31,117] {dagbag.py:500} INFO - Filling up the DagBag from /Users/swkim/projects/MLOps-study/.venv/lib/python3.9/site-packages/airflow/example_dags/example_kubernetes_executor_config.py
[2022-02-11 00:07:31,123] {logging_mixin.py:109} INFO - [2022-02-11 00:07:31,123] {example_kubernetes_executor_config.py:171} WARNING - Could not import DAGs in example_kubernetes_executor_config.py: No module named 'kubernetes'
[2022-02-11 00:07:31,123] {logging_mixin.py:109} INFO - [2022-02-11 00:07:31,123] {example_kubernetes_executor_config.py:172} WARNING - Install kubernetes dependencies with: pip install apache-airflow['cncf.kubernetes']
[2022-02-11 00:07:31,133] {processor.py:634} WARNING - No viable dags retrieved from /Users/swkim/projects/MLOps-study/.venv/lib/python3.9/site-packages/airflow/example_dags/example_kubernetes_executor_config.py
[2022-02-11 00:07:31,134] {processor.py:171} INFO - Processing /Users/swkim/projects/MLOps-study/.venv/lib/python3.9/site-packages/airflow/example_dags/example_kubernetes_executor_config.py took 0.018 seconds
[2022-02-11 00:08:24,253] {processor.py:163} INFO - Started process (PID=28450) to work on /Users/swkim/projects/MLOps-study/.venv/lib/python3.9/site-packages/airflow/example_dags/example_kubernetes_executor_config.py
[2022-02-11 00:08:24,254] {processor.py:620} INFO - Processing file /Users/swkim/projects/MLOps-study/.venv/lib/python3.9/site-packages/airflow/example_dags/example_kubernetes_executor_config.py for tasks to queue
[2022-02-11 00:08:24,254] {logging_mixin.py:109} INFO - [2022-02-11 00:08:24,254] {dagbag.py:500} INFO - Filling up the DagBag from /Users/swkim/projects/MLOps-study/.venv/lib/python3.9/site-packages/airflow/example_dags/example_kubernetes_executor_config.py
[2022-02-11 00:08:24,261] {logging_mixin.py:109} INFO - [2022-02-11 00:08:24,261] {example_kubernetes_executor_config.py:171} WARNING - Could not import DAGs in example_kubernetes_executor_config.py: No module named 'kubernetes'
[2022-02-11 00:08:24,261] {logging_mixin.py:109} INFO - [2022-02-11 00:08:24,261] {example_kubernetes_executor_config.py:172} WARNING - Install kubernetes dependencies with: pip install apache-airflow['cncf.kubernetes']
[2022-02-11 00:08:24,271] {processor.py:634} WARNING - No viable dags retrieved from /Users/swkim/projects/MLOps-study/.venv/lib/python3.9/site-packages/airflow/example_dags/example_kubernetes_executor_config.py
[2022-02-11 00:08:24,272] {processor.py:171} INFO - Processing /Users/swkim/projects/MLOps-study/.venv/lib/python3.9/site-packages/airflow/example_dags/example_kubernetes_executor_config.py took 0.019 seconds
[2022-02-11 00:09:15,596] {processor.py:163} INFO - Started process (PID=28484) to work on /Users/swkim/projects/MLOps-study/.venv/lib/python3.9/site-packages/airflow/example_dags/example_kubernetes_executor_config.py
[2022-02-11 00:09:15,597] {processor.py:620} INFO - Processing file /Users/swkim/projects/MLOps-study/.venv/lib/python3.9/site-packages/airflow/example_dags/example_kubernetes_executor_config.py for tasks to queue
[2022-02-11 00:09:15,597] {logging_mixin.py:109} INFO - [2022-02-11 00:09:15,597] {dagbag.py:500} INFO - Filling up the DagBag from /Users/swkim/projects/MLOps-study/.venv/lib/python3.9/site-packages/airflow/example_dags/example_kubernetes_executor_config.py
[2022-02-11 00:09:15,603] {logging_mixin.py:109} INFO - [2022-02-11 00:09:15,603] {example_kubernetes_executor_config.py:171} WARNING - Could not import DAGs in example_kubernetes_executor_config.py: No module named 'kubernetes'
[2022-02-11 00:09:15,603] {logging_mixin.py:109} INFO - [2022-02-11 00:09:15,603] {example_kubernetes_executor_config.py:172} WARNING - Install kubernetes dependencies with: pip install apache-airflow['cncf.kubernetes']
[2022-02-11 00:09:15,613] {processor.py:634} WARNING - No viable dags retrieved from /Users/swkim/projects/MLOps-study/.venv/lib/python3.9/site-packages/airflow/example_dags/example_kubernetes_executor_config.py
[2022-02-11 00:09:15,614] {processor.py:171} INFO - Processing /Users/swkim/projects/MLOps-study/.venv/lib/python3.9/site-packages/airflow/example_dags/example_kubernetes_executor_config.py took 0.018 seconds
[2022-02-11 00:10:09,219] {processor.py:163} INFO - Started process (PID=28528) to work on /Users/swkim/projects/MLOps-study/.venv/lib/python3.9/site-packages/airflow/example_dags/example_kubernetes_executor_config.py
[2022-02-11 00:10:09,221] {processor.py:620} INFO - Processing file /Users/swkim/projects/MLOps-study/.venv/lib/python3.9/site-packages/airflow/example_dags/example_kubernetes_executor_config.py for tasks to queue
[2022-02-11 00:10:09,221] {logging_mixin.py:109} INFO - [2022-02-11 00:10:09,221] {dagbag.py:500} INFO - Filling up the DagBag from /Users/swkim/projects/MLOps-study/.venv/lib/python3.9/site-packages/airflow/example_dags/example_kubernetes_executor_config.py
[2022-02-11 00:10:09,227] {logging_mixin.py:109} INFO - [2022-02-11 00:10:09,227] {example_kubernetes_executor_config.py:171} WARNING - Could not import DAGs in example_kubernetes_executor_config.py: No module named 'kubernetes'
[2022-02-11 00:10:09,227] {logging_mixin.py:109} INFO - [2022-02-11 00:10:09,227] {example_kubernetes_executor_config.py:172} WARNING - Install kubernetes dependencies with: pip install apache-airflow['cncf.kubernetes']
[2022-02-11 00:10:09,237] {processor.py:634} WARNING - No viable dags retrieved from /Users/swkim/projects/MLOps-study/.venv/lib/python3.9/site-packages/airflow/example_dags/example_kubernetes_executor_config.py
[2022-02-11 00:10:09,238] {processor.py:171} INFO - Processing /Users/swkim/projects/MLOps-study/.venv/lib/python3.9/site-packages/airflow/example_dags/example_kubernetes_executor_config.py took 0.019 seconds
[2022-02-11 00:11:02,300] {processor.py:163} INFO - Started process (PID=28567) to work on /Users/swkim/projects/MLOps-study/.venv/lib/python3.9/site-packages/airflow/example_dags/example_kubernetes_executor_config.py
[2022-02-11 00:11:02,301] {processor.py:620} INFO - Processing file /Users/swkim/projects/MLOps-study/.venv/lib/python3.9/site-packages/airflow/example_dags/example_kubernetes_executor_config.py for tasks to queue
[2022-02-11 00:11:02,301] {logging_mixin.py:109} INFO - [2022-02-11 00:11:02,301] {dagbag.py:500} INFO - Filling up the DagBag from /Users/swkim/projects/MLOps-study/.venv/lib/python3.9/site-packages/airflow/example_dags/example_kubernetes_executor_config.py
[2022-02-11 00:11:02,307] {logging_mixin.py:109} INFO - [2022-02-11 00:11:02,307] {example_kubernetes_executor_config.py:171} WARNING - Could not import DAGs in example_kubernetes_executor_config.py: No module named 'kubernetes'
[2022-02-11 00:11:02,307] {logging_mixin.py:109} INFO - [2022-02-11 00:11:02,307] {example_kubernetes_executor_config.py:172} WARNING - Install kubernetes dependencies with: pip install apache-airflow['cncf.kubernetes']
[2022-02-11 00:11:02,316] {processor.py:634} WARNING - No viable dags retrieved from /Users/swkim/projects/MLOps-study/.venv/lib/python3.9/site-packages/airflow/example_dags/example_kubernetes_executor_config.py
[2022-02-11 00:11:02,317] {processor.py:171} INFO - Processing /Users/swkim/projects/MLOps-study/.venv/lib/python3.9/site-packages/airflow/example_dags/example_kubernetes_executor_config.py took 0.018 seconds
[2022-02-11 00:11:55,483] {processor.py:163} INFO - Started process (PID=28640) to work on /Users/swkim/projects/MLOps-study/.venv/lib/python3.9/site-packages/airflow/example_dags/example_kubernetes_executor_config.py
[2022-02-11 00:11:55,484] {processor.py:620} INFO - Processing file /Users/swkim/projects/MLOps-study/.venv/lib/python3.9/site-packages/airflow/example_dags/example_kubernetes_executor_config.py for tasks to queue
[2022-02-11 00:11:55,484] {logging_mixin.py:109} INFO - [2022-02-11 00:11:55,484] {dagbag.py:500} INFO - Filling up the DagBag from /Users/swkim/projects/MLOps-study/.venv/lib/python3.9/site-packages/airflow/example_dags/example_kubernetes_executor_config.py
[2022-02-11 00:11:55,490] {logging_mixin.py:109} INFO - [2022-02-11 00:11:55,490] {example_kubernetes_executor_config.py:171} WARNING - Could not import DAGs in example_kubernetes_executor_config.py: No module named 'kubernetes'
[2022-02-11 00:11:55,490] {logging_mixin.py:109} INFO - [2022-02-11 00:11:55,490] {example_kubernetes_executor_config.py:172} WARNING - Install kubernetes dependencies with: pip install apache-airflow['cncf.kubernetes']
[2022-02-11 00:11:55,500] {processor.py:634} WARNING - No viable dags retrieved from /Users/swkim/projects/MLOps-study/.venv/lib/python3.9/site-packages/airflow/example_dags/example_kubernetes_executor_config.py
[2022-02-11 00:11:55,501] {processor.py:171} INFO - Processing /Users/swkim/projects/MLOps-study/.venv/lib/python3.9/site-packages/airflow/example_dags/example_kubernetes_executor_config.py took 0.018 seconds
[2022-02-11 00:12:54,926] {processor.py:163} INFO - Started process (PID=28681) to work on /Users/swkim/projects/MLOps-study/.venv/lib/python3.9/site-packages/airflow/example_dags/example_kubernetes_executor_config.py
[2022-02-11 00:12:54,926] {processor.py:620} INFO - Processing file /Users/swkim/projects/MLOps-study/.venv/lib/python3.9/site-packages/airflow/example_dags/example_kubernetes_executor_config.py for tasks to queue
[2022-02-11 00:12:54,926] {logging_mixin.py:109} INFO - [2022-02-11 00:12:54,926] {dagbag.py:500} INFO - Filling up the DagBag from /Users/swkim/projects/MLOps-study/.venv/lib/python3.9/site-packages/airflow/example_dags/example_kubernetes_executor_config.py
[2022-02-11 00:12:54,932] {logging_mixin.py:109} INFO - [2022-02-11 00:12:54,932] {example_kubernetes_executor_config.py:171} WARNING - Could not import DAGs in example_kubernetes_executor_config.py: No module named 'kubernetes'
[2022-02-11 00:12:54,932] {logging_mixin.py:109} INFO - [2022-02-11 00:12:54,932] {example_kubernetes_executor_config.py:172} WARNING - Install kubernetes dependencies with: pip install apache-airflow['cncf.kubernetes']
[2022-02-11 00:12:54,942] {processor.py:634} WARNING - No viable dags retrieved from /Users/swkim/projects/MLOps-study/.venv/lib/python3.9/site-packages/airflow/example_dags/example_kubernetes_executor_config.py
[2022-02-11 00:12:54,943] {processor.py:171} INFO - Processing /Users/swkim/projects/MLOps-study/.venv/lib/python3.9/site-packages/airflow/example_dags/example_kubernetes_executor_config.py took 0.018 seconds
[2022-02-11 00:13:54,787] {processor.py:163} INFO - Started process (PID=28733) to work on /Users/swkim/projects/MLOps-study/.venv/lib/python3.9/site-packages/airflow/example_dags/example_kubernetes_executor_config.py
[2022-02-11 00:13:54,788] {processor.py:620} INFO - Processing file /Users/swkim/projects/MLOps-study/.venv/lib/python3.9/site-packages/airflow/example_dags/example_kubernetes_executor_config.py for tasks to queue
[2022-02-11 00:13:54,788] {logging_mixin.py:109} INFO - [2022-02-11 00:13:54,788] {dagbag.py:500} INFO - Filling up the DagBag from /Users/swkim/projects/MLOps-study/.venv/lib/python3.9/site-packages/airflow/example_dags/example_kubernetes_executor_config.py
[2022-02-11 00:13:54,794] {logging_mixin.py:109} INFO - [2022-02-11 00:13:54,794] {example_kubernetes_executor_config.py:171} WARNING - Could not import DAGs in example_kubernetes_executor_config.py: No module named 'kubernetes'
[2022-02-11 00:13:54,794] {logging_mixin.py:109} INFO - [2022-02-11 00:13:54,794] {example_kubernetes_executor_config.py:172} WARNING - Install kubernetes dependencies with: pip install apache-airflow['cncf.kubernetes']
[2022-02-11 00:13:54,804] {processor.py:634} WARNING - No viable dags retrieved from /Users/swkim/projects/MLOps-study/.venv/lib/python3.9/site-packages/airflow/example_dags/example_kubernetes_executor_config.py
[2022-02-11 00:13:54,805] {processor.py:171} INFO - Processing /Users/swkim/projects/MLOps-study/.venv/lib/python3.9/site-packages/airflow/example_dags/example_kubernetes_executor_config.py took 0.018 seconds
[2022-02-11 00:14:54,697] {processor.py:163} INFO - Started process (PID=28786) to work on /Users/swkim/projects/MLOps-study/.venv/lib/python3.9/site-packages/airflow/example_dags/example_kubernetes_executor_config.py
[2022-02-11 00:14:54,698] {processor.py:620} INFO - Processing file /Users/swkim/projects/MLOps-study/.venv/lib/python3.9/site-packages/airflow/example_dags/example_kubernetes_executor_config.py for tasks to queue
[2022-02-11 00:14:54,698] {logging_mixin.py:109} INFO - [2022-02-11 00:14:54,698] {dagbag.py:500} INFO - Filling up the DagBag from /Users/swkim/projects/MLOps-study/.venv/lib/python3.9/site-packages/airflow/example_dags/example_kubernetes_executor_config.py
[2022-02-11 00:14:54,705] {logging_mixin.py:109} INFO - [2022-02-11 00:14:54,705] {example_kubernetes_executor_config.py:171} WARNING - Could not import DAGs in example_kubernetes_executor_config.py: No module named 'kubernetes'
[2022-02-11 00:14:54,705] {logging_mixin.py:109} INFO - [2022-02-11 00:14:54,705] {example_kubernetes_executor_config.py:172} WARNING - Install kubernetes dependencies with: pip install apache-airflow['cncf.kubernetes']
[2022-02-11 00:14:54,715] {processor.py:634} WARNING - No viable dags retrieved from /Users/swkim/projects/MLOps-study/.venv/lib/python3.9/site-packages/airflow/example_dags/example_kubernetes_executor_config.py
[2022-02-11 00:14:54,716] {processor.py:171} INFO - Processing /Users/swkim/projects/MLOps-study/.venv/lib/python3.9/site-packages/airflow/example_dags/example_kubernetes_executor_config.py took 0.020 seconds
[2022-02-11 00:15:54,774] {processor.py:163} INFO - Started process (PID=28829) to work on /Users/swkim/projects/MLOps-study/.venv/lib/python3.9/site-packages/airflow/example_dags/example_kubernetes_executor_config.py
[2022-02-11 00:15:54,775] {processor.py:620} INFO - Processing file /Users/swkim/projects/MLOps-study/.venv/lib/python3.9/site-packages/airflow/example_dags/example_kubernetes_executor_config.py for tasks to queue
[2022-02-11 00:15:54,775] {logging_mixin.py:109} INFO - [2022-02-11 00:15:54,775] {dagbag.py:500} INFO - Filling up the DagBag from /Users/swkim/projects/MLOps-study/.venv/lib/python3.9/site-packages/airflow/example_dags/example_kubernetes_executor_config.py
[2022-02-11 00:15:54,781] {logging_mixin.py:109} INFO - [2022-02-11 00:15:54,781] {example_kubernetes_executor_config.py:171} WARNING - Could not import DAGs in example_kubernetes_executor_config.py: No module named 'kubernetes'
[2022-02-11 00:15:54,781] {logging_mixin.py:109} INFO - [2022-02-11 00:15:54,781] {example_kubernetes_executor_config.py:172} WARNING - Install kubernetes dependencies with: pip install apache-airflow['cncf.kubernetes']
[2022-02-11 00:15:54,791] {processor.py:634} WARNING - No viable dags retrieved from /Users/swkim/projects/MLOps-study/.venv/lib/python3.9/site-packages/airflow/example_dags/example_kubernetes_executor_config.py
[2022-02-11 00:15:54,792] {processor.py:171} INFO - Processing /Users/swkim/projects/MLOps-study/.venv/lib/python3.9/site-packages/airflow/example_dags/example_kubernetes_executor_config.py took 0.019 seconds
[2022-02-11 00:16:58,026] {processor.py:163} INFO - Started process (PID=28886) to work on /Users/swkim/projects/MLOps-study/.venv/lib/python3.9/site-packages/airflow/example_dags/example_kubernetes_executor_config.py
[2022-02-11 00:16:58,027] {processor.py:620} INFO - Processing file /Users/swkim/projects/MLOps-study/.venv/lib/python3.9/site-packages/airflow/example_dags/example_kubernetes_executor_config.py for tasks to queue
[2022-02-11 00:16:58,027] {logging_mixin.py:109} INFO - [2022-02-11 00:16:58,027] {dagbag.py:500} INFO - Filling up the DagBag from /Users/swkim/projects/MLOps-study/.venv/lib/python3.9/site-packages/airflow/example_dags/example_kubernetes_executor_config.py
[2022-02-11 00:16:58,033] {logging_mixin.py:109} INFO - [2022-02-11 00:16:58,033] {example_kubernetes_executor_config.py:171} WARNING - Could not import DAGs in example_kubernetes_executor_config.py: No module named 'kubernetes'
[2022-02-11 00:16:58,033] {logging_mixin.py:109} INFO - [2022-02-11 00:16:58,033] {example_kubernetes_executor_config.py:172} WARNING - Install kubernetes dependencies with: pip install apache-airflow['cncf.kubernetes']
[2022-02-11 00:16:58,043] {processor.py:634} WARNING - No viable dags retrieved from /Users/swkim/projects/MLOps-study/.venv/lib/python3.9/site-packages/airflow/example_dags/example_kubernetes_executor_config.py
[2022-02-11 00:16:58,044] {processor.py:171} INFO - Processing /Users/swkim/projects/MLOps-study/.venv/lib/python3.9/site-packages/airflow/example_dags/example_kubernetes_executor_config.py took 0.019 seconds
[2022-02-11 00:18:01,257] {processor.py:163} INFO - Started process (PID=28961) to work on /Users/swkim/projects/MLOps-study/.venv/lib/python3.9/site-packages/airflow/example_dags/example_kubernetes_executor_config.py
[2022-02-11 00:18:01,257] {processor.py:620} INFO - Processing file /Users/swkim/projects/MLOps-study/.venv/lib/python3.9/site-packages/airflow/example_dags/example_kubernetes_executor_config.py for tasks to queue
[2022-02-11 00:18:01,257] {logging_mixin.py:109} INFO - [2022-02-11 00:18:01,257] {dagbag.py:500} INFO - Filling up the DagBag from /Users/swkim/projects/MLOps-study/.venv/lib/python3.9/site-packages/airflow/example_dags/example_kubernetes_executor_config.py
[2022-02-11 00:18:01,263] {logging_mixin.py:109} INFO - [2022-02-11 00:18:01,263] {example_kubernetes_executor_config.py:171} WARNING - Could not import DAGs in example_kubernetes_executor_config.py: No module named 'kubernetes'
[2022-02-11 00:18:01,263] {logging_mixin.py:109} INFO - [2022-02-11 00:18:01,263] {example_kubernetes_executor_config.py:172} WARNING - Install kubernetes dependencies with: pip install apache-airflow['cncf.kubernetes']
[2022-02-11 00:18:01,273] {processor.py:634} WARNING - No viable dags retrieved from /Users/swkim/projects/MLOps-study/.venv/lib/python3.9/site-packages/airflow/example_dags/example_kubernetes_executor_config.py
[2022-02-11 00:18:01,274] {processor.py:171} INFO - Processing /Users/swkim/projects/MLOps-study/.venv/lib/python3.9/site-packages/airflow/example_dags/example_kubernetes_executor_config.py took 0.018 seconds
